mode: set
git.garena.com/sea-labs-id/bootcamp/batch-02/shared-projects/library-api/handler/author_handler.go:13.52,14.24 1 0
git.garena.com/sea-labs-id/bootcamp/batch-02/shared-projects/library-api/handler/author_handler.go:18.53,19.24 1 0
git.garena.com/sea-labs-id/bootcamp/batch-02/shared-projects/library-api/handler/author_handler.go:22.72,24.2 1 0
git.garena.com/sea-labs-id/bootcamp/batch-02/shared-projects/library-api/handler/book_handler.go:22.56,24.47 2 1
git.garena.com/sea-labs-id/bootcamp/batch-02/shared-projects/library-api/handler/book_handler.go:34.2,44.16 4 1
git.garena.com/sea-labs-id/bootcamp/batch-02/shared-projects/library-api/handler/book_handler.go:52.2,57.34 3 1
git.garena.com/sea-labs-id/bootcamp/batch-02/shared-projects/library-api/handler/book_handler.go:24.47,32.3 5 1
git.garena.com/sea-labs-id/bootcamp/batch-02/shared-projects/library-api/handler/book_handler.go:44.16,50.3 3 0
git.garena.com/sea-labs-id/bootcamp/batch-02/shared-projects/library-api/handler/book_handler.go:61.57,63.51 2 1
git.garena.com/sea-labs-id/bootcamp/batch-02/shared-projects/library-api/handler/book_handler.go:68.2,70.38 3 1
git.garena.com/sea-labs-id/bootcamp/batch-02/shared-projects/library-api/handler/book_handler.go:79.2,80.16 2 1
git.garena.com/sea-labs-id/bootcamp/batch-02/shared-projects/library-api/handler/book_handler.go:88.2,94.29 3 1
git.garena.com/sea-labs-id/bootcamp/batch-02/shared-projects/library-api/handler/book_handler.go:63.51,66.3 2 0
git.garena.com/sea-labs-id/bootcamp/batch-02/shared-projects/library-api/handler/book_handler.go:70.38,77.3 2 1
git.garena.com/sea-labs-id/bootcamp/batch-02/shared-projects/library-api/handler/book_handler.go:80.16,86.3 3 0
git.garena.com/sea-labs-id/bootcamp/batch-02/shared-projects/library-api/handler/book_handler.go:97.66,99.2 1 1
git.garena.com/sea-labs-id/bootcamp/batch-02/shared-projects/library-api/handler/borrow_handler.go:25.64,28.16 3 0
git.garena.com/sea-labs-id/bootcamp/batch-02/shared-projects/library-api/handler/borrow_handler.go:35.2,36.16 2 0
git.garena.com/sea-labs-id/bootcamp/batch-02/shared-projects/library-api/handler/borrow_handler.go:43.2,47.29 2 0
git.garena.com/sea-labs-id/bootcamp/batch-02/shared-projects/library-api/handler/borrow_handler.go:28.16,34.3 3 0
git.garena.com/sea-labs-id/bootcamp/batch-02/shared-projects/library-api/handler/borrow_handler.go:36.16,42.3 3 0
git.garena.com/sea-labs-id/bootcamp/batch-02/shared-projects/library-api/handler/borrow_handler.go:51.66,53.47 2 0
git.garena.com/sea-labs-id/bootcamp/batch-02/shared-projects/library-api/handler/borrow_handler.go:61.2,67.16 3 0
git.garena.com/sea-labs-id/bootcamp/batch-02/shared-projects/library-api/handler/borrow_handler.go:83.2,87.29 2 0
git.garena.com/sea-labs-id/bootcamp/batch-02/shared-projects/library-api/handler/borrow_handler.go:53.47,59.3 3 0
git.garena.com/sea-labs-id/bootcamp/batch-02/shared-projects/library-api/handler/borrow_handler.go:67.16,74.45 5 0
git.garena.com/sea-labs-id/bootcamp/batch-02/shared-projects/library-api/handler/borrow_handler.go:79.3,80.9 2 0
git.garena.com/sea-labs-id/bootcamp/batch-02/shared-projects/library-api/handler/borrow_handler.go:74.45,76.4 1 0
git.garena.com/sea-labs-id/bootcamp/batch-02/shared-projects/library-api/handler/borrow_handler.go:76.9,76.54 1 0
git.garena.com/sea-labs-id/bootcamp/batch-02/shared-projects/library-api/handler/borrow_handler.go:76.54,78.4 1 0
git.garena.com/sea-labs-id/bootcamp/batch-02/shared-projects/library-api/handler/borrow_handler.go:91.67,97.38 5 0
git.garena.com/sea-labs-id/bootcamp/batch-02/shared-projects/library-api/handler/borrow_handler.go:106.2,107.16 2 0
git.garena.com/sea-labs-id/bootcamp/batch-02/shared-projects/library-api/handler/borrow_handler.go:114.2,118.29 2 0
git.garena.com/sea-labs-id/bootcamp/batch-02/shared-projects/library-api/handler/borrow_handler.go:97.38,104.3 2 0
git.garena.com/sea-labs-id/bootcamp/batch-02/shared-projects/library-api/handler/borrow_handler.go:107.16,113.3 3 0
git.garena.com/sea-labs-id/bootcamp/batch-02/shared-projects/library-api/handler/borrow_handler.go:121.72,123.2 1 0
git.garena.com/sea-labs-id/bootcamp/batch-02/shared-projects/library-api/handler/user_handler.go:23.56,25.47 2 1
git.garena.com/sea-labs-id/bootcamp/batch-02/shared-projects/library-api/handler/user_handler.go:35.2,42.16 3 1
git.garena.com/sea-labs-id/bootcamp/batch-02/shared-projects/library-api/handler/user_handler.go:49.2,53.34 2 1
git.garena.com/sea-labs-id/bootcamp/batch-02/shared-projects/library-api/handler/user_handler.go:25.47,33.3 5 1
git.garena.com/sea-labs-id/bootcamp/batch-02/shared-projects/library-api/handler/user_handler.go:42.16,48.3 3 1
git.garena.com/sea-labs-id/bootcamp/batch-02/shared-projects/library-api/handler/user_handler.go:57.57,63.38 5 1
git.garena.com/sea-labs-id/bootcamp/batch-02/shared-projects/library-api/handler/user_handler.go:72.2,73.16 2 1
git.garena.com/sea-labs-id/bootcamp/batch-02/shared-projects/library-api/handler/user_handler.go:81.2,85.29 2 1
git.garena.com/sea-labs-id/bootcamp/batch-02/shared-projects/library-api/handler/user_handler.go:63.38,70.3 2 1
git.garena.com/sea-labs-id/bootcamp/batch-02/shared-projects/library-api/handler/user_handler.go:73.16,79.3 3 1
git.garena.com/sea-labs-id/bootcamp/batch-02/shared-projects/library-api/handler/user_handler.go:88.66,90.2 1 1
