mode: set
git.garena.com/sea-labs-id/bootcamp/batch-02/shared-projects/library-api/handler/book_handler.go:25.56,29.47 4 1
git.garena.com/sea-labs-id/bootcamp/batch-02/shared-projects/library-api/handler/book_handler.go:34.2,44.16 4 1
git.garena.com/sea-labs-id/bootcamp/batch-02/shared-projects/library-api/handler/book_handler.go:49.2,54.34 3 1
git.garena.com/sea-labs-id/bootcamp/batch-02/shared-projects/library-api/handler/book_handler.go:29.47,32.3 2 1
git.garena.com/sea-labs-id/bootcamp/batch-02/shared-projects/library-api/handler/book_handler.go:44.16,47.3 2 0
git.garena.com/sea-labs-id/bootcamp/batch-02/shared-projects/library-api/handler/book_handler.go:58.57,67.38 7 1
git.garena.com/sea-labs-id/bootcamp/batch-02/shared-projects/library-api/handler/book_handler.go:76.2,77.16 2 1
git.garena.com/sea-labs-id/bootcamp/batch-02/shared-projects/library-api/handler/book_handler.go:82.2,88.29 3 1
git.garena.com/sea-labs-id/bootcamp/batch-02/shared-projects/library-api/handler/book_handler.go:67.38,74.3 2 1
git.garena.com/sea-labs-id/bootcamp/batch-02/shared-projects/library-api/handler/book_handler.go:77.16,80.3 2 1
git.garena.com/sea-labs-id/bootcamp/batch-02/shared-projects/library-api/handler/book_handler.go:91.66,93.2 1 1
git.garena.com/sea-labs-id/bootcamp/batch-02/shared-projects/library-api/handler/borrow_handler.go:25.64,34.16 8 0
git.garena.com/sea-labs-id/bootcamp/batch-02/shared-projects/library-api/handler/borrow_handler.go:38.2,39.16 2 0
git.garena.com/sea-labs-id/bootcamp/batch-02/shared-projects/library-api/handler/borrow_handler.go:43.2,47.29 2 0
git.garena.com/sea-labs-id/bootcamp/batch-02/shared-projects/library-api/handler/borrow_handler.go:34.16,37.3 2 0
git.garena.com/sea-labs-id/bootcamp/batch-02/shared-projects/library-api/handler/borrow_handler.go:39.16,42.3 2 0
git.garena.com/sea-labs-id/bootcamp/batch-02/shared-projects/library-api/handler/borrow_handler.go:51.66,56.47 4 0
git.garena.com/sea-labs-id/bootcamp/batch-02/shared-projects/library-api/handler/borrow_handler.go:61.2,70.16 5 0
git.garena.com/sea-labs-id/bootcamp/batch-02/shared-projects/library-api/handler/borrow_handler.go:75.2,79.29 2 0
git.garena.com/sea-labs-id/bootcamp/batch-02/shared-projects/library-api/handler/borrow_handler.go:56.47,59.3 2 0
git.garena.com/sea-labs-id/bootcamp/batch-02/shared-projects/library-api/handler/borrow_handler.go:70.16,73.3 2 0
git.garena.com/sea-labs-id/bootcamp/batch-02/shared-projects/library-api/handler/borrow_handler.go:83.67,91.38 7 0
git.garena.com/sea-labs-id/bootcamp/batch-02/shared-projects/library-api/handler/borrow_handler.go:100.2,101.16 2 0
git.garena.com/sea-labs-id/bootcamp/batch-02/shared-projects/library-api/handler/borrow_handler.go:105.2,109.29 2 0
git.garena.com/sea-labs-id/bootcamp/batch-02/shared-projects/library-api/handler/borrow_handler.go:91.38,98.3 2 0
git.garena.com/sea-labs-id/bootcamp/batch-02/shared-projects/library-api/handler/borrow_handler.go:101.16,104.3 2 0
git.garena.com/sea-labs-id/bootcamp/batch-02/shared-projects/library-api/handler/borrow_handler.go:112.72,114.2 1 0
git.garena.com/sea-labs-id/bootcamp/batch-02/shared-projects/library-api/handler/user_handler.go:25.56,30.47 4 1
git.garena.com/sea-labs-id/bootcamp/batch-02/shared-projects/library-api/handler/user_handler.go:35.2,42.16 3 1
git.garena.com/sea-labs-id/bootcamp/batch-02/shared-projects/library-api/handler/user_handler.go:46.2,50.34 2 1
git.garena.com/sea-labs-id/bootcamp/batch-02/shared-projects/library-api/handler/user_handler.go:30.47,33.3 2 1
git.garena.com/sea-labs-id/bootcamp/batch-02/shared-projects/library-api/handler/user_handler.go:42.16,45.3 2 1
git.garena.com/sea-labs-id/bootcamp/batch-02/shared-projects/library-api/handler/user_handler.go:54.57,62.38 7 1
git.garena.com/sea-labs-id/bootcamp/batch-02/shared-projects/library-api/handler/user_handler.go:71.2,72.16 2 1
git.garena.com/sea-labs-id/bootcamp/batch-02/shared-projects/library-api/handler/user_handler.go:80.2,84.29 2 1
git.garena.com/sea-labs-id/bootcamp/batch-02/shared-projects/library-api/handler/user_handler.go:62.38,69.3 2 1
git.garena.com/sea-labs-id/bootcamp/batch-02/shared-projects/library-api/handler/user_handler.go:72.16,78.3 3 1
git.garena.com/sea-labs-id/bootcamp/batch-02/shared-projects/library-api/handler/user_handler.go:87.66,89.2 1 1
git.garena.com/sea-labs-id/bootcamp/batch-02/shared-projects/library-api/handler/auth_handler.go:20.66,22.2 1 0
git.garena.com/sea-labs-id/bootcamp/batch-02/shared-projects/library-api/handler/auth_handler.go:25.50,38.2 4 0
git.garena.com/sea-labs-id/bootcamp/batch-02/shared-projects/library-api/handler/auth_handler.go:41.49,46.51 5 0
git.garena.com/sea-labs-id/bootcamp/batch-02/shared-projects/library-api/handler/auth_handler.go:54.2,56.16 3 0
git.garena.com/sea-labs-id/bootcamp/batch-02/shared-projects/library-api/handler/auth_handler.go:64.2,65.16 2 0
git.garena.com/sea-labs-id/bootcamp/batch-02/shared-projects/library-api/handler/auth_handler.go:73.2,84.29 3 0
git.garena.com/sea-labs-id/bootcamp/batch-02/shared-projects/library-api/handler/auth_handler.go:46.51,52.3 3 0
git.garena.com/sea-labs-id/bootcamp/batch-02/shared-projects/library-api/handler/auth_handler.go:56.16,62.3 3 0
git.garena.com/sea-labs-id/bootcamp/batch-02/shared-projects/library-api/handler/auth_handler.go:65.16,71.3 3 0
git.garena.com/sea-labs-id/bootcamp/batch-02/shared-projects/library-api/handler/auth_handler.go:88.52,94.52 5 0
git.garena.com/sea-labs-id/bootcamp/batch-02/shared-projects/library-api/handler/auth_handler.go:102.2,103.26 2 0
git.garena.com/sea-labs-id/bootcamp/batch-02/shared-projects/library-api/handler/auth_handler.go:111.2,119.16 3 0
git.garena.com/sea-labs-id/bootcamp/batch-02/shared-projects/library-api/handler/auth_handler.go:126.2,128.16 3 0
git.garena.com/sea-labs-id/bootcamp/batch-02/shared-projects/library-api/handler/auth_handler.go:135.2,139.29 2 0
git.garena.com/sea-labs-id/bootcamp/batch-02/shared-projects/library-api/handler/auth_handler.go:94.52,100.3 3 0
git.garena.com/sea-labs-id/bootcamp/batch-02/shared-projects/library-api/handler/auth_handler.go:103.26,109.3 3 0
git.garena.com/sea-labs-id/bootcamp/batch-02/shared-projects/library-api/handler/auth_handler.go:119.16,125.3 3 0
git.garena.com/sea-labs-id/bootcamp/batch-02/shared-projects/library-api/handler/auth_handler.go:128.16,134.3 3 0
git.garena.com/sea-labs-id/bootcamp/batch-02/shared-projects/library-api/handler/author_handler.go:13.52,14.24 1 0
git.garena.com/sea-labs-id/bootcamp/batch-02/shared-projects/library-api/handler/author_handler.go:18.53,19.24 1 0
git.garena.com/sea-labs-id/bootcamp/batch-02/shared-projects/library-api/handler/author_handler.go:22.72,24.2 1 0
