mode: set
git.garena.com/sea-labs-id/bootcamp/batch-02/shared-projects/library-api/handler/auth_handler.go:21.66,23.2 1 1
git.garena.com/sea-labs-id/bootcamp/batch-02/shared-projects/library-api/handler/auth_handler.go:26.50,39.2 4 1
git.garena.com/sea-labs-id/bootcamp/batch-02/shared-projects/library-api/handler/auth_handler.go:42.49,47.51 5 1
git.garena.com/sea-labs-id/bootcamp/batch-02/shared-projects/library-api/handler/auth_handler.go:52.2,54.16 3 1
git.garena.com/sea-labs-id/bootcamp/batch-02/shared-projects/library-api/handler/auth_handler.go:59.2,60.16 2 1
git.garena.com/sea-labs-id/bootcamp/batch-02/shared-projects/library-api/handler/auth_handler.go:65.2,76.29 3 1
git.garena.com/sea-labs-id/bootcamp/batch-02/shared-projects/library-api/handler/auth_handler.go:47.51,50.3 2 1
git.garena.com/sea-labs-id/bootcamp/batch-02/shared-projects/library-api/handler/auth_handler.go:54.16,57.3 2 1
git.garena.com/sea-labs-id/bootcamp/batch-02/shared-projects/library-api/handler/auth_handler.go:60.16,63.3 2 1
git.garena.com/sea-labs-id/bootcamp/batch-02/shared-projects/library-api/handler/auth_handler.go:80.52,86.52 5 1
git.garena.com/sea-labs-id/bootcamp/batch-02/shared-projects/library-api/handler/auth_handler.go:91.2,99.16 3 1
git.garena.com/sea-labs-id/bootcamp/batch-02/shared-projects/library-api/handler/auth_handler.go:103.2,105.16 3 1
git.garena.com/sea-labs-id/bootcamp/batch-02/shared-projects/library-api/handler/auth_handler.go:109.2,113.34 2 1
git.garena.com/sea-labs-id/bootcamp/batch-02/shared-projects/library-api/handler/auth_handler.go:86.52,89.3 2 1
git.garena.com/sea-labs-id/bootcamp/batch-02/shared-projects/library-api/handler/auth_handler.go:99.16,102.3 2 1
git.garena.com/sea-labs-id/bootcamp/batch-02/shared-projects/library-api/handler/auth_handler.go:105.16,108.3 2 1
git.garena.com/sea-labs-id/bootcamp/batch-02/shared-projects/library-api/handler/book_handler.go:25.56,29.47 4 1
git.garena.com/sea-labs-id/bootcamp/batch-02/shared-projects/library-api/handler/book_handler.go:34.2,44.16 4 1
git.garena.com/sea-labs-id/bootcamp/batch-02/shared-projects/library-api/handler/book_handler.go:49.2,54.34 3 1
git.garena.com/sea-labs-id/bootcamp/batch-02/shared-projects/library-api/handler/book_handler.go:29.47,32.3 2 1
git.garena.com/sea-labs-id/bootcamp/batch-02/shared-projects/library-api/handler/book_handler.go:44.16,47.3 2 1
git.garena.com/sea-labs-id/bootcamp/batch-02/shared-projects/library-api/handler/book_handler.go:58.57,67.38 7 1
git.garena.com/sea-labs-id/bootcamp/batch-02/shared-projects/library-api/handler/book_handler.go:76.2,77.16 2 1
git.garena.com/sea-labs-id/bootcamp/batch-02/shared-projects/library-api/handler/book_handler.go:82.2,88.29 3 1
git.garena.com/sea-labs-id/bootcamp/batch-02/shared-projects/library-api/handler/book_handler.go:67.38,74.3 2 1
git.garena.com/sea-labs-id/bootcamp/batch-02/shared-projects/library-api/handler/book_handler.go:77.16,80.3 2 1
git.garena.com/sea-labs-id/bootcamp/batch-02/shared-projects/library-api/handler/book_handler.go:91.66,93.2 1 1
git.garena.com/sea-labs-id/bootcamp/batch-02/shared-projects/library-api/handler/borrow_handler.go:26.64,35.16 8 1
git.garena.com/sea-labs-id/bootcamp/batch-02/shared-projects/library-api/handler/borrow_handler.go:39.2,40.16 2 1
git.garena.com/sea-labs-id/bootcamp/batch-02/shared-projects/library-api/handler/borrow_handler.go:44.2,48.29 2 1
git.garena.com/sea-labs-id/bootcamp/batch-02/shared-projects/library-api/handler/borrow_handler.go:35.16,38.3 2 1
git.garena.com/sea-labs-id/bootcamp/batch-02/shared-projects/library-api/handler/borrow_handler.go:40.16,43.3 2 1
git.garena.com/sea-labs-id/bootcamp/batch-02/shared-projects/library-api/handler/borrow_handler.go:52.66,57.47 4 1
git.garena.com/sea-labs-id/bootcamp/batch-02/shared-projects/library-api/handler/borrow_handler.go:62.2,71.16 5 1
git.garena.com/sea-labs-id/bootcamp/batch-02/shared-projects/library-api/handler/borrow_handler.go:76.2,80.34 2 1
git.garena.com/sea-labs-id/bootcamp/batch-02/shared-projects/library-api/handler/borrow_handler.go:57.47,60.3 2 1
git.garena.com/sea-labs-id/bootcamp/batch-02/shared-projects/library-api/handler/borrow_handler.go:71.16,74.3 2 1
git.garena.com/sea-labs-id/bootcamp/batch-02/shared-projects/library-api/handler/borrow_handler.go:84.67,92.38 7 1
git.garena.com/sea-labs-id/bootcamp/batch-02/shared-projects/library-api/handler/borrow_handler.go:101.2,102.16 2 1
git.garena.com/sea-labs-id/bootcamp/batch-02/shared-projects/library-api/handler/borrow_handler.go:106.2,110.29 2 1
git.garena.com/sea-labs-id/bootcamp/batch-02/shared-projects/library-api/handler/borrow_handler.go:92.38,99.3 2 1
git.garena.com/sea-labs-id/bootcamp/batch-02/shared-projects/library-api/handler/borrow_handler.go:102.16,105.3 2 1
git.garena.com/sea-labs-id/bootcamp/batch-02/shared-projects/library-api/handler/borrow_handler.go:113.72,115.2 1 1
git.garena.com/sea-labs-id/bootcamp/batch-02/shared-projects/library-api/handler/user_handler.go:25.56,30.47 4 1
git.garena.com/sea-labs-id/bootcamp/batch-02/shared-projects/library-api/handler/user_handler.go:35.2,42.16 3 1
git.garena.com/sea-labs-id/bootcamp/batch-02/shared-projects/library-api/handler/user_handler.go:46.2,50.34 2 1
git.garena.com/sea-labs-id/bootcamp/batch-02/shared-projects/library-api/handler/user_handler.go:30.47,33.3 2 1
git.garena.com/sea-labs-id/bootcamp/batch-02/shared-projects/library-api/handler/user_handler.go:42.16,45.3 2 1
git.garena.com/sea-labs-id/bootcamp/batch-02/shared-projects/library-api/handler/user_handler.go:54.57,62.38 7 1
git.garena.com/sea-labs-id/bootcamp/batch-02/shared-projects/library-api/handler/user_handler.go:71.2,72.16 2 1
git.garena.com/sea-labs-id/bootcamp/batch-02/shared-projects/library-api/handler/user_handler.go:80.2,84.29 2 1
git.garena.com/sea-labs-id/bootcamp/batch-02/shared-projects/library-api/handler/user_handler.go:62.38,69.3 2 1
git.garena.com/sea-labs-id/bootcamp/batch-02/shared-projects/library-api/handler/user_handler.go:72.16,78.3 3 1
git.garena.com/sea-labs-id/bootcamp/batch-02/shared-projects/library-api/handler/user_handler.go:87.66,89.2 1 1
